<?xml version="1.0" encoding="UTF-8"?>
<!-- Generated by org.testng.reporters.JUnitReportReporter -->
<testsuite hostname="DESKTOP-AI5RU29" failures="0" tests="11" name="test.GetRequests.GetResuestTests" time="6.962" errors="0" timestamp="2021-11-06T11:11:39 IST" skipped="0">
  <testcase classname="test.GetRequests.GetResuestTests" name="getFirstPost" time="0.161"/>
  <system-out/>
  <testcase classname="test.GetRequests.GetResuestTests" name="getInvalidComment" time="0.714"/>
  <system-out/>
  <testcase classname="test.GetRequests.GetResuestTests" name="getFirstPostCommentInvalid" time="0.729"/>
  <system-out/>
  <testcase classname="test.GetRequests.GetResuestTests" name="getVeriFyEmailForFifthID" time="0.696"/>
  <system-out/>
  <testcase classname="test.GetRequests.GetResuestTests" name="getAlbumTen" time="1.078"/>
  <system-out/>
  <testcase classname="test.GetRequests.GetResuestTests" name="getVeriFyIDHundrade" time="0.141"/>
  <system-out/>
  <testcase classname="test.GetRequests.GetResuestTests" name="getAlbumInvalid" time="2.003"/>
  <system-out/>
  <testcase classname="test.GetRequests.GetResuestTests" name="getCommentsUnderFirstPost" time="0.203"/>
  <system-out/>
  <testcase classname="test.GetRequests.GetResuestTests" name="getFirstPostComment" time="0.169"/>
  <system-out/>
  <testcase classname="test.GetRequests.GetResuestTests" name="getInvalidPost" time="0.823"/>
  <system-out/>
  <testcase classname="test.GetRequests.GetResuestTests" name="getAllPost" time="0.245"/>
  <system-out/>
</testsuite> <!-- test.GetRequests.GetResuestTests -->
